
> assembly-press-demo@0.0.0 build /Users/user/Desktop/VSC/base-sepolia-demo/frontend/apps/next
> next build

Attention: Next.js now collects completely anonymous telemetry regarding usage.
This information is used to shape Next.js' roadmap and prioritize features.
You can learn more, including how to opt-out if you'd not like to participate in this anonymous program, by visiting the following URL:
https://nextjs.org/telemetry

   Creating an optimized production build ...
 ✓ Compiled successfully
   Linting and checking validity of types ...
   Collecting page data ...
   Generating static pages (0/4) ...
   Generating static pages (1/4) 
   Generating static pages (2/4) 
   Generating static pages (3/4) 
 ✓ Generating static pages (4/4) 
   Finalizing page optimization ...
   Collecting build traces ...

Route (app)                              Size     First Load JS
┌ ○ /                                    52.3 kB         553 kB
└ ○ /_not-found                          881 B          81.9 kB
+ First Load JS shared by all            81 kB
  ├ chunks/515-f88f8211f266e88d.js       27.7 kB
  ├ chunks/b503d721-72461b87c166f0e0.js  51.1 kB
  ├ chunks/main-app-4bc3be028b1bbae1.js  237 B
  └ chunks/webpack-3d2ec9a734115861.js   2.06 kB


○  (Static)  automatically rendered as static HTML (uses no initial props)

